<?xml version="1.0" encoding="UTF-8"?>
<!-- Generated by org.testng.reporters.JUnitXMLReporter -->
<testsuite hostname="LT-23487" ignored="0" name="Default test" tests="3" failures="0" timestamp="20 Jun 2019 04:42:22 GMT" time="63.084" errors="0">
  <testcase name="DeleteEmp" time="18.364" classname="scripts.TestScripts"/>
  <testcase name="SortEmployeeList" time="6.271" classname="scripts.TestScripts"/>
  <testcase name="TestAddEmployee" time="7.965" classname="scripts.TestScripts"/>
</testsuite> <!-- Default test -->
