<?xml version="1.0" encoding="UTF-8"?>
<!-- Generated by org.testng.reporters.JUnitXMLReporter -->
<testsuite hostname="LT-23487" ignored="1" name="Test" tests="2" failures="0" timestamp="19 Jun 2019 16:50:40 GMT" time="52.336" errors="0">
  <testcase name="SortEmployeeList" time="16.897" classname="scripts.TestScripts"/>
  <testcase name="TestAddEmployee" time="10.39" classname="scripts.TestScripts"/>
  <testcase name="DeleteEmp" time="0.0" classname="scripts.TestScripts">
    <ignored/>
  </testcase> <!-- DeleteEmp -->
</testsuite> <!-- Test -->
